2024-09-29T09:24:58.930+05:30  INFO 14532 --- [Employee_Management_System-1] [restartedMain] E.M.EmployeeManagementSystem1Application : Starting EmployeeManagementSystem1Application using Java 17.0.10 with PID 14532 (C:\software\SpringWorkspace\Employee_Management_System-1\target\classes started by deepd in C:\software\SpringWorkspace\Employee_Management_System-1)
2024-09-29T09:24:58.936+05:30  INFO 14532 --- [Employee_Management_System-1] [restartedMain] E.M.EmployeeManagementSystem1Application : No active profile set, falling back to 1 default profile: "default"
2024-09-29T09:24:58.993+05:30  INFO 14532 --- [Employee_Management_System-1] [restartedMain] .e.DevToolsPropertyDefaultsPostProcessor : Devtools property defaults active! Set 'spring.devtools.add-properties' to 'false' to disable
2024-09-29T09:24:58.994+05:30  INFO 14532 --- [Employee_Management_System-1] [restartedMain] .e.DevToolsPropertyDefaultsPostProcessor : For additional web related logging consider setting the 'logging.level.web' property to 'DEBUG'
2024-09-29T09:24:59.866+05:30  INFO 14532 --- [Employee_Management_System-1] [restartedMain] .s.d.r.c.RepositoryConfigurationDelegate : Multiple Spring Data modules found, entering strict repository configuration mode
2024-09-29T09:24:59.869+05:30  INFO 14532 --- [Employee_Management_System-1] [restartedMain] .s.d.r.c.RepositoryConfigurationDelegate : Bootstrapping Spring Data JDBC repositories in DEFAULT mode.
2024-09-29T09:24:59.890+05:30  INFO 14532 --- [Employee_Management_System-1] [restartedMain] .s.d.r.c.RepositoryConfigurationDelegate : Finished Spring Data repository scanning in 15 ms. Found 0 JDBC repository interfaces.
2024-09-29T09:24:59.906+05:30  INFO 14532 --- [Employee_Management_System-1] [restartedMain] .s.d.r.c.RepositoryConfigurationDelegate : Multiple Spring Data modules found, entering strict repository configuration mode
2024-09-29T09:24:59.909+05:30  INFO 14532 --- [Employee_Management_System-1] [restartedMain] .s.d.r.c.RepositoryConfigurationDelegate : Bootstrapping Spring Data JPA repositories in DEFAULT mode.
2024-09-29T09:24:59.915+05:30  INFO 14532 --- [Employee_Management_System-1] [restartedMain] .s.d.r.c.RepositoryConfigurationDelegate : Finished Spring Data repository scanning in 1 ms. Found 0 JPA repository interfaces.
2024-09-29T09:25:00.616+05:30  INFO 14532 --- [Employee_Management_System-1] [restartedMain] o.s.b.w.embedded.tomcat.TomcatWebServer  : Tomcat initialized with port 8080 (http)
2024-09-29T09:25:00.635+05:30  INFO 14532 --- [Employee_Management_System-1] [restartedMain] o.apache.catalina.core.StandardService   : Starting service [Tomcat]
2024-09-29T09:25:00.635+05:30  INFO 14532 --- [Employee_Management_System-1] [restartedMain] o.apache.catalina.core.StandardEngine    : Starting Servlet engine: [Apache Tomcat/10.1.30]
2024-09-29T09:25:00.702+05:30  INFO 14532 --- [Employee_Management_System-1] [restartedMain] o.a.c.c.C.[Tomcat].[localhost].[/]       : Initializing Spring embedded WebApplicationContext
2024-09-29T09:25:00.702+05:30  INFO 14532 --- [Employee_Management_System-1] [restartedMain] w.s.c.ServletWebServerApplicationContext : Root WebApplicationContext: initialization completed in 1708 ms
2024-09-29T09:25:00.940+05:30  INFO 14532 --- [Employee_Management_System-1] [restartedMain] o.hibernate.jpa.internal.util.LogHelper  : HHH000204: Processing PersistenceUnitInfo [name: default]
2024-09-29T09:25:01.033+05:30  INFO 14532 --- [Employee_Management_System-1] [restartedMain] org.hibernate.Version                    : HHH000412: Hibernate ORM core version 6.5.3.Final
2024-09-29T09:25:01.090+05:30  INFO 14532 --- [Employee_Management_System-1] [restartedMain] o.h.c.internal.RegionFactoryInitiator    : HHH000026: Second-level cache disabled
2024-09-29T09:25:01.578+05:30  INFO 14532 --- [Employee_Management_System-1] [restartedMain] o.s.o.j.p.SpringPersistenceUnitInfo      : No LoadTimeWeaver setup: ignoring JPA class transformer
2024-09-29T09:25:01.626+05:30  INFO 14532 --- [Employee_Management_System-1] [restartedMain] com.zaxxer.hikari.HikariDataSource       : HikariPool-1 - Starting...
2024-09-29T09:25:02.202+05:30  INFO 14532 --- [Employee_Management_System-1] [restartedMain] com.zaxxer.hikari.pool.HikariPool        : HikariPool-1 - Added connection com.mysql.cj.jdbc.ConnectionImpl@5170b2b8
2024-09-29T09:25:02.204+05:30  INFO 14532 --- [Employee_Management_System-1] [restartedMain] com.zaxxer.hikari.HikariDataSource       : HikariPool-1 - Start completed.
2024-09-29T09:25:02.345+05:30  WARN 14532 --- [Employee_Management_System-1] [restartedMain] org.hibernate.orm.deprecation            : HHH90000025: MySQL8Dialect does not need to be specified explicitly using 'hibernate.dialect' (remove the property setting and it will be selected by default)
2024-09-29T09:25:02.347+05:30  WARN 14532 --- [Employee_Management_System-1] [restartedMain] org.hibernate.orm.deprecation            : HHH90000026: MySQL8Dialect has been deprecated; use org.hibernate.dialect.MySQLDialect instead
2024-09-29T09:25:02.848+05:30  INFO 14532 --- [Employee_Management_System-1] [restartedMain] o.h.e.t.j.p.i.JtaPlatformInitiator       : HHH000489: No JTA platform available (set 'hibernate.transaction.jta.platform' to enable JTA platform integration)
2024-09-29T09:25:02.855+05:30  INFO 14532 --- [Employee_Management_System-1] [restartedMain] j.LocalContainerEntityManagerFactoryBean : Initialized JPA EntityManagerFactory for persistence unit 'default'
2024-09-29T09:25:03.042+05:30 DEBUG 14532 --- [Employee_Management_System-1] [restartedMain] s.w.s.m.m.a.RequestMappingHandlerMapping : 2 mappings in 'requestMappingHandlerMapping'
2024-09-29T09:25:03.129+05:30 DEBUG 14532 --- [Employee_Management_System-1] [restartedMain] o.s.w.s.handler.SimpleUrlHandlerMapping  : Patterns [/webjars/**, /**] in 'resourceHandlerMapping'
2024-09-29T09:25:03.179+05:30 DEBUG 14532 --- [Employee_Management_System-1] [restartedMain] s.w.s.m.m.a.RequestMappingHandlerAdapter : ControllerAdvice beans: 0 @ModelAttribute, 0 @InitBinder, 1 RequestBodyAdvice, 1 ResponseBodyAdvice
2024-09-29T09:25:03.227+05:30 DEBUG 14532 --- [Employee_Management_System-1] [restartedMain] .m.m.a.ExceptionHandlerExceptionResolver : ControllerAdvice beans: 0 @ExceptionHandler, 1 ResponseBodyAdvice
2024-09-29T09:25:03.558+05:30  INFO 14532 --- [Employee_Management_System-1] [restartedMain] r$InitializeUserDetailsManagerConfigurer : Global AuthenticationManager configured with UserDetailsService bean with name inMemoryUserDetailsManager
2024-09-29T09:25:03.751+05:30  INFO 14532 --- [Employee_Management_System-1] [restartedMain] o.s.b.d.a.OptionalLiveReloadServer       : LiveReload server is running on port 35729
2024-09-29T09:25:03.799+05:30  INFO 14532 --- [Employee_Management_System-1] [restartedMain] o.s.b.w.embedded.tomcat.TomcatWebServer  : Tomcat started on port 8080 (http) with context path '/'
2024-09-29T09:25:03.808+05:30  INFO 14532 --- [Employee_Management_System-1] [restartedMain] E.M.EmployeeManagementSystem1Application : Started EmployeeManagementSystem1Application in 5.4 seconds (process running for 6.34)
2024-09-29T09:25:08.855+05:30  INFO 14532 --- [Employee_Management_System-1] [http-nio-8080-exec-3] o.a.c.c.C.[Tomcat].[localhost].[/]       : Initializing Spring DispatcherServlet 'dispatcherServlet'
2024-09-29T09:25:08.856+05:30  INFO 14532 --- [Employee_Management_System-1] [http-nio-8080-exec-3] o.s.web.servlet.DispatcherServlet        : Initializing Servlet 'dispatcherServlet'
2024-09-29T09:25:08.856+05:30 DEBUG 14532 --- [Employee_Management_System-1] [http-nio-8080-exec-3] o.s.web.servlet.DispatcherServlet        : Detected StandardServletMultipartResolver
2024-09-29T09:25:08.856+05:30 DEBUG 14532 --- [Employee_Management_System-1] [http-nio-8080-exec-3] o.s.web.servlet.DispatcherServlet        : Detected AcceptHeaderLocaleResolver
2024-09-29T09:25:08.856+05:30 DEBUG 14532 --- [Employee_Management_System-1] [http-nio-8080-exec-3] o.s.web.servlet.DispatcherServlet        : Detected FixedThemeResolver
2024-09-29T09:25:08.858+05:30 DEBUG 14532 --- [Employee_Management_System-1] [http-nio-8080-exec-3] o.s.web.servlet.DispatcherServlet        : Detected org.springframework.web.servlet.view.DefaultRequestToViewNameTranslator@2997a96c
2024-09-29T09:25:08.860+05:30 DEBUG 14532 --- [Employee_Management_System-1] [http-nio-8080-exec-3] o.s.web.servlet.DispatcherServlet        : Detected org.springframework.web.servlet.support.SessionFlashMapManager@7c63c3ca
2024-09-29T09:25:08.860+05:30 DEBUG 14532 --- [Employee_Management_System-1] [http-nio-8080-exec-3] o.s.web.servlet.DispatcherServlet        : enableLoggingRequestDetails='false': request parameters and headers will be masked to prevent unsafe logging of potentially sensitive data
2024-09-29T09:25:08.860+05:30  INFO 14532 --- [Employee_Management_System-1] [http-nio-8080-exec-3] o.s.web.servlet.DispatcherServlet        : Completed initialization in 4 ms
2024-09-29T09:25:09.003+05:30  WARN 14532 --- [Employee_Management_System-1] [http-nio-8080-exec-3] o.a.c.util.SessionIdGeneratorBase        : Creation of SecureRandom instance for session ID generation using [SHA1PRNG] took [104] milliseconds.
2024-09-29T09:54:00.038+05:30  INFO 14532 --- [Employee_Management_System-1] [RMI TCP Connection(32)-127.0.0.1] inMXBeanRegistrar$SpringApplicationAdmin : Application shutdown requested.
2024-09-29T09:54:00.139+05:30  INFO 14532 --- [Employee_Management_System-1] [RMI TCP Connection(32)-127.0.0.1] j.LocalContainerEntityManagerFactoryBean : Closing JPA EntityManagerFactory for persistence unit 'default'
2024-09-29T09:54:00.151+05:30  INFO 14532 --- [Employee_Management_System-1] [RMI TCP Connection(32)-127.0.0.1] com.zaxxer.hikari.HikariDataSource       : HikariPool-1 - Shutdown initiated...
2024-09-29T09:54:00.185+05:30  INFO 14532 --- [Employee_Management_System-1] [RMI TCP Connection(32)-127.0.0.1] com.zaxxer.hikari.HikariDataSource       : HikariPool-1 - Shutdown completed.
